2020-04-01 19:41:23.244[main] INFO  o.s.b.t.context.SpringBootTestContextBootstrapper - Neither @ContextConfiguration nor @ContextHierarchy found for test class [com.machun.springbootmybatisannotation.mapper.UserDaoTest], using SpringBootContextLoader
2020-04-01 19:41:23.250[main] INFO  o.s.test.context.support.AbstractContextLoader - Could not detect default resource locations for test class [com.machun.springbootmybatisannotation.mapper.UserDaoTest]: no resource found for suffixes {-context.xml, Context.groovy}.
2020-04-01 19:41:23.252[main] INFO  o.s.t.c.support.AnnotationConfigContextLoaderUtils - Could not detect default configuration classes for test class [com.machun.springbootmybatisannotation.mapper.UserDaoTest]: UserDaoTest does not declare any static, non-private, non-final, nested classes annotated with @Configuration.
2020-04-01 19:41:23.486[main] INFO  o.s.b.t.context.SpringBootTestContextBootstrapper - Found @SpringBootConfiguration com.machun.springbootmybatisannotation.SpringbootMybatisAnnotationApplication for test class com.machun.springbootmybatisannotation.mapper.UserDaoTest
2020-04-01 19:41:23.622[main] INFO  o.s.b.t.context.SpringBootTestContextBootstrapper - Loaded default TestExecutionListener class names from location [META-INF/spring.factories]: [org.springframework.boot.test.mock.mockito.MockitoTestExecutionListener, org.springframework.boot.test.mock.mockito.ResetMocksTestExecutionListener, org.springframework.boot.test.autoconfigure.restdocs.RestDocsTestExecutionListener, org.springframework.boot.test.autoconfigure.web.client.MockRestServiceServerResetTestExecutionListener, org.springframework.boot.test.autoconfigure.web.servlet.MockMvcPrintOnlyOnFailureTestExecutionListener, org.springframework.boot.test.autoconfigure.web.servlet.WebDriverTestExecutionListener, org.springframework.test.context.web.ServletTestExecutionListener, org.springframework.test.context.support.DirtiesContextBeforeModesTestExecutionListener, org.springframework.test.context.support.DependencyInjectionTestExecutionListener, org.springframework.test.context.support.DirtiesContextTestExecutionListener, org.springframework.test.context.transaction.TransactionalTestExecutionListener, org.springframework.test.context.jdbc.SqlScriptsTestExecutionListener, org.springframework.test.context.event.EventPublishingTestExecutionListener]
2020-04-01 19:41:23.651[main] INFO  o.s.b.t.context.SpringBootTestContextBootstrapper - Using TestExecutionListeners: [org.springframework.test.context.web.ServletTestExecutionListener@2d96543c, org.springframework.test.context.support.DirtiesContextBeforeModesTestExecutionListener@73a2e526, org.springframework.boot.test.mock.mockito.MockitoTestExecutionListener@7d64e326, org.springframework.boot.test.autoconfigure.SpringBootDependencyInjectionTestExecutionListener@13f95696, org.springframework.test.context.support.DirtiesContextTestExecutionListener@cd1d761, org.springframework.test.context.transaction.TransactionalTestExecutionListener@68be8808, org.springframework.test.context.jdbc.SqlScriptsTestExecutionListener@32193bea, org.springframework.test.context.event.EventPublishingTestExecutionListener@6b8d96d9, org.springframework.boot.test.mock.mockito.ResetMocksTestExecutionListener@69653e16, org.springframework.boot.test.autoconfigure.restdocs.RestDocsTestExecutionListener@758705fa, org.springframework.boot.test.autoconfigure.web.client.MockRestServiceServerResetTestExecutionListener@ebaa6cb, org.springframework.boot.test.autoconfigure.web.servlet.MockMvcPrintOnlyOnFailureTestExecutionListener@906d29b, org.springframework.boot.test.autoconfigure.web.servlet.WebDriverTestExecutionListener@49d3c823]
2020-04-01 19:41:24.159[main] INFO  c.m.springbootmybatisannotation.mapper.UserDaoTest - Starting UserDaoTest on MACHUN1-F1HJR2W with PID 80328 (started by machun1 in D:\学习\Git\SpringBoot\springboot-mybatisannotation)
2020-04-01 19:41:24.160[main] DEBUG c.m.springbootmybatisannotation.mapper.UserDaoTest - Running with Spring Boot v2.2.5.RELEASE, Spring v5.2.4.RELEASE
2020-04-01 19:41:24.161[main] INFO  c.m.springbootmybatisannotation.mapper.UserDaoTest - No active profile set, falling back to default profiles: default
2020-04-01 19:41:24.811[main] WARN  org.mybatis.spring.mapper.ClassPathMapperScanner - Skipping MapperFactoryBean with name 'userDao' and 'com.machun.springbootmybatisannotation.mapper.master.UserDao' mapperInterface. Bean already defined with the same name!
2020-04-01 19:41:24.811[main] WARN  org.mybatis.spring.mapper.ClassPathMapperScanner - Skipping MapperFactoryBean with name 'userDaoSalve' and 'com.machun.springbootmybatisannotation.mapper.salve.UserDaoSalve' mapperInterface. Bean already defined with the same name!
2020-04-01 19:41:24.811[main] WARN  org.mybatis.spring.mapper.ClassPathMapperScanner - No MyBatis mapper was found in '[com.machun.springbootmybatisannotation.mapper]' package. Please check your configuration.
2020-04-01 19:41:26.126[main] INFO  o.s.scheduling.concurrent.ThreadPoolTaskExecutor - Initializing ExecutorService 'applicationTaskExecutor'
2020-04-01 19:41:26.596[main] INFO  c.m.springbootmybatisannotation.mapper.UserDaoTest - Started UserDaoTest in 2.879 seconds (JVM running for 4.38)
2020-04-01 19:41:27.117[main] INFO  com.zaxxer.hikari.HikariDataSource - HikariPool-1 - Starting...
2020-04-01 19:41:27.783[main] INFO  com.zaxxer.hikari.HikariDataSource - HikariPool-1 - Start completed.
2020-04-01 19:41:27.796[main] DEBUG c.m.s.mapper.salve.UserDaoSalve.queryUserList - ==>  Preparing: SELECT * FROM user where username=? 
2020-04-01 19:41:27.837[main] DEBUG c.m.s.mapper.salve.UserDaoSalve.queryUserList - ==> Parameters: liming(String)
2020-04-01 19:41:27.872[main] DEBUG c.m.s.mapper.salve.UserDaoSalve.queryUserList - <==      Total: 0
2020-04-01 19:41:27.896[main] INFO  com.zaxxer.hikari.HikariDataSource - HikariPool-2 - Starting...
2020-04-01 19:41:27.930[main] INFO  com.zaxxer.hikari.HikariDataSource - HikariPool-2 - Start completed.
2020-04-01 19:41:27.930[main] DEBUG c.m.s.mapper.master.UserDao.queryUserList - ==>  Preparing: SELECT * FROM user where username=? 
2020-04-01 19:41:27.930[main] DEBUG c.m.s.mapper.master.UserDao.queryUserList - ==> Parameters: liming(String)
2020-04-01 19:41:27.943[main] DEBUG c.m.s.mapper.master.UserDao.queryUserList - <==      Total: 5
2020-04-01 19:41:27.949[main] DEBUG c.m.s.mapper.master.UserDao.queryUserAll - ==>  Preparing: SELECT * FROM user 
2020-04-01 19:41:27.950[main] DEBUG c.m.s.mapper.master.UserDao.queryUserAll - ==> Parameters: 
2020-04-01 19:41:27.960[main] DEBUG c.m.s.mapper.master.UserDao.queryUserAll - <==      Total: 13
2020-04-01 19:41:27.976[SpringContextShutdownHook] INFO  o.s.scheduling.concurrent.ThreadPoolTaskExecutor - Shutting down ExecutorService 'applicationTaskExecutor'
2020-04-01 19:41:27.978[SpringContextShutdownHook] INFO  com.zaxxer.hikari.HikariDataSource - HikariPool-1 - Shutdown initiated...
2020-04-01 19:41:28.000[SpringContextShutdownHook] INFO  com.zaxxer.hikari.HikariDataSource - HikariPool-1 - Shutdown completed.
2020-04-01 19:41:28.000[SpringContextShutdownHook] INFO  com.zaxxer.hikari.HikariDataSource - HikariPool-2 - Shutdown initiated...
2020-04-01 19:41:28.002[SpringContextShutdownHook] INFO  com.zaxxer.hikari.HikariDataSource - HikariPool-2 - Shutdown completed.
